{
  "Cucumber Features": {
    "coverage": {
      "/Users/danny/Dropbox/projects/Websites/gadgenie-api-v2/features/support/hooks.rb": [
        null,
        1,
        1,
        1,
        null,
        1,
        1,
        1,
        null,
        null,
        1,
        1,
        null
      ],
      "/Users/danny/Dropbox/projects/Websites/gadgenie-api-v2/features/step_definitions/example_steps.rb": [
        1,
        1,
        null,
        null,
        1,
        1,
        null,
        null,
        1,
        1,
        null
      ]
    },
    "timestamp": 1384445585
  },
  "RSpec": {
    "coverage": {
      "/Users/danny/Dropbox/projects/Websites/gadgenie-api-v2/gadgenie.rb": [
        1,
        1,
        0,
        null,
        null,
        null,
        null,
        null,
        1,
        null,
        1,
        1,
        1,
        1,
        null,
        null,
        1,
        0,
        null,
        null,
        1,
        0,
        null,
        null,
        1,
        1,
        1,
        null,
        null
      ]
    },
    "timestamp": 1384445601
  }
}
